[01:04:13] [main/INFO]: Loading Minecraft 1.21.1 with Fabric Loader 0.16.3
[01:04:13] [main/INFO]: Loading 4 mods:
	- fabricloader 0.16.3
	   \-- mixinextras 0.4.1
	- java 21
	- minecraft 1.21.1
[01:04:13] [main/INFO]: SpongePowered MIXIN Subsystem Version=0.8.7 Source=file:/workspaces/SMCEpic/servidor_minecraft/libraries/net/fabricmc/sponge-mixin/0.15.2+mixin.0.8.7/sponge-mixin-0.15.2+mixin.0.8.7.jar Service=Knot/Fabric Env=SERVER
[01:04:19] [main/INFO]: Environment: Environment[sessionHost=https://sessionserver.mojang.com, servicesHost=https://api.minecraftservices.com, name=PROD]
[01:04:21] [main/INFO]: No existing world data, creating new world
[01:04:21] [main/INFO]: Loaded 1290 recipes
[01:04:21] [main/INFO]: Loaded 1399 advancements
[01:04:22] [Server thread/INFO]: Starting minecraft server version 1.21.1
[01:04:22] [Server thread/INFO]: Loading properties
[01:04:22] [Server thread/INFO]: Default game type: SURVIVAL
[01:04:22] [Server thread/INFO]: Generating keypair
[01:04:22] [Server thread/INFO]: Starting Minecraft server on *:25565
[01:04:22] [Server thread/INFO]: Using epoll channel type
[01:04:22] [Server thread/WARN]: **** SERVER IS RUNNING IN OFFLINE/INSECURE MODE!
[01:04:22] [Server thread/WARN]: The server will make no attempt to authenticate usernames. Beware.
[01:04:22] [Server thread/WARN]: While this makes the game possible to play without internet access, it also opens up the ability for hackers to connect with any username they choose.
[01:04:22] [Server thread/WARN]: To change this, set "online-mode" to "true" in the server.properties file.
[01:04:22] [Server thread/INFO]: Preparing level "world"
[01:04:29] [Server thread/INFO]: Preparing start region for dimension minecraft:overworld
[01:04:29] [Worker-Main-3/INFO]: Preparing spawn area: 2%
[01:04:30] [Worker-Main-1/INFO]: Preparing spawn area: 2%
[01:04:30] [Worker-Main-2/INFO]: Preparing spawn area: 2%
[01:04:31] [Worker-Main-2/INFO]: Preparing spawn area: 6%
[01:04:31] [Worker-Main-3/INFO]: Preparing spawn area: 18%
[01:04:32] [Worker-Main-2/INFO]: Preparing spawn area: 18%
[01:04:32] [Worker-Main-2/INFO]: Preparing spawn area: 51%
[01:04:33] [Worker-Main-2/INFO]: Preparing spawn area: 51%
[01:04:33] [Worker-Main-3/INFO]: Preparing spawn area: 51%
[01:04:34] [Worker-Main-1/INFO]: Preparing spawn area: 73%
[01:04:34] [Server thread/INFO]: Time elapsed: 4654 ms
[01:04:34] [Server thread/INFO]: Done (11.528s)! For help, type "help"
[01:12:26] [Server thread/INFO]: Unknown or incomplete command, see below for error
[01:12:26] [Server thread/INFO]: wt<--[HERE]
[01:12:27] [Server thread/INFO]: Unknown or incomplete command, see below for error
[01:12:27] [Server thread/INFO]: <--[HERE]
[01:12:28] [Server thread/INFO]: Unknown or incomplete command, see below for error
[01:12:28] [Server thread/INFO]: <--[HERE]
